<?xml version="1.0" encoding="UTF-8"?>
<testsuite name="com.drg.koolping.LocationsApplicationTest" tests="1" skipped="0" failures="0" errors="0" timestamp="2015-10-19T14:15:27" hostname="UNILONDZ016" time="0.003">
  <properties/>
  <testcase name="contextTest" classname="com.drg.koolping.LocationsApplicationTest" time="0.003"/>
  <system-out><![CDATA[15:15:26.179 [Test worker] DEBUG o.s.t.c.j.SpringJUnit4ClassRunner - SpringJUnit4ClassRunner constructor called with [class com.drg.koolping.LocationsApplicationTest]
15:15:26.184 [Test worker] DEBUG o.s.test.context.BootstrapUtils - Instantiating CacheAwareContextLoaderDelegate from class [org.springframework.test.context.cache.DefaultCacheAwareContextLoaderDelegate]
15:15:26.188 [Test worker] DEBUG o.s.test.context.BootstrapUtils - Instantiating BootstrapContext using constructor [public org.springframework.test.context.support.DefaultBootstrapContext(java.lang.Class,org.springframework.test.context.CacheAwareContextLoaderDelegate)]
15:15:26.194 [Test worker] DEBUG o.s.test.context.BootstrapUtils - Instantiating TestContextBootstrapper for test class [com.drg.koolping.LocationsApplicationTest] from class [org.springframework.test.context.support.DefaultTestContextBootstrapper]
15:15:26.206 [Test worker] DEBUG o.s.t.c.s.DefaultTestContextBootstrapper - Found explicit ContextLoader class [org.springframework.boot.test.SpringApplicationContextLoader] for context configuration attributes [ContextConfigurationAttributes@13f479f declaringClass = 'com.drg.koolping.LocationsApplicationTest', classes = '{class com.drg.koolping.LocationsApplication}', locations = '{}', inheritLocations = true, initializers = '{}', inheritInitializers = true, name = [null], contextLoaderClass = 'org.springframework.boot.test.SpringApplicationContextLoader']
15:15:26.210 [Test worker] DEBUG o.s.t.c.support.ActiveProfilesUtils - Could not find an 'annotation declaring class' for annotation type [org.springframework.test.context.ActiveProfiles] and class [com.drg.koolping.LocationsApplicationTest]
15:15:26.213 [Test worker] DEBUG o.s.t.c.s.DefaultTestContextBootstrapper - @TestExecutionListeners is not present for class [com.drg.koolping.LocationsApplicationTest]: using defaults.
15:15:26.219 [Test worker] INFO  o.s.t.c.s.DefaultTestContextBootstrapper - Loaded default TestExecutionListener class names from location [META-INF/spring.factories]: [org.springframework.test.context.web.ServletTestExecutionListener, org.springframework.test.context.support.DirtiesContextBeforeModesTestExecutionListener, org.springframework.test.context.support.DependencyInjectionTestExecutionListener, org.springframework.test.context.support.DirtiesContextTestExecutionListener, org.springframework.test.context.transaction.TransactionalTestExecutionListener, org.springframework.test.context.jdbc.SqlScriptsTestExecutionListener]
15:15:26.233 [Test worker] INFO  o.s.t.c.s.DefaultTestContextBootstrapper - Using TestExecutionListeners: [org.springframework.test.context.web.ServletTestExecutionListener@7d0c6dc7, org.springframework.test.context.support.DirtiesContextBeforeModesTestExecutionListener@4a72d9b1, org.springframework.test.context.support.DependencyInjectionTestExecutionListener@581b83fe, org.springframework.test.context.support.DirtiesContextTestExecutionListener@4d227f95, org.springframework.test.context.transaction.TransactionalTestExecutionListener@53de51a3, org.springframework.test.context.jdbc.SqlScriptsTestExecutionListener@f3db538]
15:15:26.235 [Test worker] DEBUG o.s.t.annotation.ProfileValueUtils - Retrieved @ProfileValueSourceConfiguration [null] for test class [com.drg.koolping.LocationsApplicationTest]
15:15:26.235 [Test worker] DEBUG o.s.t.annotation.ProfileValueUtils - Retrieved ProfileValueSource type [class org.springframework.test.annotation.SystemProfileValueSource] for class [com.drg.koolping.LocationsApplicationTest]
15:15:26.236 [Test worker] DEBUG o.s.t.annotation.ProfileValueUtils - Retrieved @ProfileValueSourceConfiguration [null] for test class [com.drg.koolping.LocationsApplicationTest]
15:15:26.236 [Test worker] DEBUG o.s.t.annotation.ProfileValueUtils - Retrieved ProfileValueSource type [class org.springframework.test.annotation.SystemProfileValueSource] for class [com.drg.koolping.LocationsApplicationTest]
15:15:26.238 [Test worker] DEBUG o.s.t.c.s.AbstractDirtiesContextTestExecutionListener - Before test class: context [DefaultTestContext@13a3f6d6 testClass = LocationsApplicationTest, testInstance = [null], testMethod = [null], testException = [null], mergedContextConfiguration = [MergedContextConfiguration@59e5d01f testClass = LocationsApplicationTest, locations = '{}', classes = '{class com.drg.koolping.LocationsApplication}', contextInitializerClasses = '[]', activeProfiles = '{}', propertySourceLocations = '{}', propertySourceProperties = '{}', contextLoader = 'org.springframework.boot.test.SpringApplicationContextLoader', parent = [null]]], class annotated with @DirtiesContext [false] with mode [null].
15:15:26.239 [Test worker] DEBUG o.s.t.annotation.ProfileValueUtils - Retrieved @ProfileValueSourceConfiguration [null] for test class [com.drg.koolping.LocationsApplicationTest]
15:15:26.239 [Test worker] DEBUG o.s.t.annotation.ProfileValueUtils - Retrieved ProfileValueSource type [class org.springframework.test.annotation.SystemProfileValueSource] for class [com.drg.koolping.LocationsApplicationTest]
15:15:26.240 [Test worker] DEBUG o.s.t.c.s.DependencyInjectionTestExecutionListener - Performing dependency injection for test context [[DefaultTestContext@13a3f6d6 testClass = LocationsApplicationTest, testInstance = com.drg.koolping.LocationsApplicationTest@539c4433, testMethod = [null], testException = [null], mergedContextConfiguration = [MergedContextConfiguration@59e5d01f testClass = LocationsApplicationTest, locations = '{}', classes = '{class com.drg.koolping.LocationsApplication}', contextInitializerClasses = '[]', activeProfiles = '{}', propertySourceLocations = '{}', propertySourceProperties = '{}', contextLoader = 'org.springframework.boot.test.SpringApplicationContextLoader', parent = [null]]]].
15:15:26.288 [Test worker] DEBUG o.s.core.env.StandardEnvironment - Adding [systemProperties] PropertySource with lowest search precedence
15:15:26.289 [Test worker] DEBUG o.s.core.env.StandardEnvironment - Adding [systemEnvironment] PropertySource with lowest search precedence
15:15:26.289 [Test worker] DEBUG o.s.core.env.StandardEnvironment - Initialized StandardEnvironment with PropertySources [systemProperties,systemEnvironment]
15:15:26.290 [Test worker] DEBUG o.s.core.env.StandardEnvironment - Adding [integrationTest] PropertySource with search precedence immediately lower than [systemEnvironment]

  .   ____          _            __ _ _
 /\\ / ___'_ __ _ _(_)_ __  __ _ \ \ \ \
( ( )\___ | '_ | '_| | '_ \/ _` | \ \ \ \
 \\/  ___)| |_)| | | | | || (_| |  ) ) ) )
  '  |____| .__|_| |_|_| |_\__, | / / / /
 =========|_|==============|___/=/_/_/_/
 :: Spring Boot ::             (v1.3.0.M3)

2015-10-19 15:15:26.438  INFO 6276 --- [    Test worker] c.drg.koolping.LocationsApplicationTest  : Starting LocationsApplicationTest on UNILONDZ016 with PID 6276 (C:\devel\projects\playground\geolocation\koolpinggeo\build\classes\test started by durdan in C:\devel\projects\playground\geolocation\koolpinggeo)
2015-10-19 15:15:26.463  INFO 6276 --- [    Test worker] s.c.a.AnnotationConfigApplicationContext : Refreshing org.springframework.context.annotation.AnnotationConfigApplicationContext@7f3d492: startup date [Mon Oct 19 15:15:26 BST 2015]; root of context hierarchy
2015-10-19 15:15:27.624  INFO 6276 --- [    Test worker] c.drg.koolping.LocationsApplicationTest  : Started LocationsApplicationTest in 1.332 seconds (JVM running for 1.944)
]]></system-out>
  <system-err><![CDATA[]]></system-err>
</testsuite>
